	modified:   src/test/java/org/apache/hadoop/cli/TestCryptoAdminCLI.java
	deleted:    src/test/java/org/apache/hadoop/fs/viewfs/TestViewFileSystemHdfs.java
	deleted:    src/test/java/org/apache/hadoop/hdfs/DockerTest.java
	deleted:    src/test/java/org/apache/hadoop/hdfs/TestBlocksScheduledCounter.java
	deleted:    src/test/java/org/apache/hadoop/hdfs/TestDFSClientSocketSize.java
	deleted:    src/test/java/org/apache/hadoop/hdfs/TestDFSInotifyEventInputStream.java
	deleted:    src/test/java/org/apache/hadoop/hdfs/TestDFSInputStream.java
	modified:   src/test/java/org/apache/hadoop/hdfs/TestDFSStripedOutputStreamWithFailure.java
	deleted:    src/test/java/org/apache/hadoop/hdfs/TestDFSUpgrade.java
	modified:   src/test/java/org/apache/hadoop/hdfs/TestDFSUpgradeFromImage.java
	modified:   src/test/java/org/apache/hadoop/hdfs/TestDataTransferProtocol.java
	modified:   src/test/java/org/apache/hadoop/hdfs/TestDatanodeRegistration.java
	modified:   src/test/java/org/apache/hadoop/hdfs/TestDecommission.java
	modified:   src/test/java/org/apache/hadoop/hdfs/TestDecommissionWithStriped.java
	modified:   src/test/java/org/apache/hadoop/hdfs/TestDistributedFileSystem.java
	deleted:    src/test/java/org/apache/hadoop/hdfs/TestEncryptionZones.java
	deleted:    src/test/java/org/apache/hadoop/hdfs/TestEncryptionZonesWithHA.java
	deleted:    src/test/java/org/apache/hadoop/hdfs/TestEncryptionZonesWithKMS.java
	modified:   src/test/java/org/apache/hadoop/hdfs/TestFileCorruption.java
	modified:   src/test/java/org/apache/hadoop/hdfs/TestFileCreation.java
	modified:   src/test/java/org/apache/hadoop/hdfs/TestLeaseRecovery.java
	deleted:    src/test/java/org/apache/hadoop/hdfs/TestMaintenanceState.java
	deleted:    src/test/java/org/apache/hadoop/hdfs/TestReadStripedFileWithDecoding.java
	modified:   src/test/java/org/apache/hadoop/hdfs/TestReconstructStripedFile.java
	deleted:    src/test/java/org/apache/hadoop/hdfs/TestReconstructStripedFileWithValidator.java
	deleted:    src/test/java/org/apache/hadoop/hdfs/TestReservedRawPaths.java
	modified:   src/test/java/org/apache/hadoop/hdfs/TestRollingUpgrade.java
	deleted:    src/test/java/org/apache/hadoop/hdfs/TestSecureEncryptionZoneWithKMS.java
	deleted:    src/test/java/org/apache/hadoop/hdfs/TestTrashWithEncryptionZones.java
	modified:   src/test/java/org/apache/hadoop/hdfs/TestTrashWithSecureEncryptionZones.java
	deleted:    src/test/java/org/apache/hadoop/hdfs/client/impl/TestBlockReaderFactory.java
	modified:   src/test/java/org/apache/hadoop/hdfs/security/TestDelegationToken.java
	modified:   src/test/java/org/apache/hadoop/hdfs/security/token/block/TestBlockToken.java
	deleted:    src/test/java/org/apache/hadoop/hdfs/server/balancer/TestBalancerService.java
	deleted:    src/test/java/org/apache/hadoop/hdfs/server/balancer/TestBalancerWithHANameNodes.java
	deleted:    src/test/java/org/apache/hadoop/hdfs/server/balancer/TestBalancerWithNodeGroup.java
	modified:   src/test/java/org/apache/hadoop/hdfs/server/blockmanagement/TestBlockManager.java
	modified:   src/test/java/org/apache/hadoop/hdfs/server/blockmanagement/TestBlockReportLease.java
	deleted:    src/test/java/org/apache/hadoop/hdfs/server/blockmanagement/TestBlockTokenWithShortCircuitRead.java
	deleted:    src/test/java/org/apache/hadoop/hdfs/server/blockmanagement/TestBlocksWithNotEnoughRacks.java
	deleted:    src/test/java/org/apache/hadoop/hdfs/server/blockmanagement/TestComputeInvalidateWork.java
	modified:   src/test/java/org/apache/hadoop/hdfs/server/blockmanagement/TestHeartbeatHandling.java
	modified:   src/test/java/org/apache/hadoop/hdfs/server/blockmanagement/TestNameNodePrunesMissingStorages.java
	modified:   src/test/java/org/apache/hadoop/hdfs/server/blockmanagement/TestNodeCount.java
	modified:   src/test/java/org/apache/hadoop/hdfs/server/blockmanagement/TestOverReplicatedBlocks.java
	deleted:    src/test/java/org/apache/hadoop/hdfs/server/blockmanagement/TestPendingDataNodeMessages.java
	modified:   src/test/java/org/apache/hadoop/hdfs/server/blockmanagement/TestPendingReconstruction.java
	modified:   src/test/java/org/apache/hadoop/hdfs/server/blockmanagement/TestRedundancyMonitor.java
	modified:   src/test/java/org/apache/hadoop/hdfs/server/blockmanagement/TestReplicationPolicy.java
	deleted:    src/test/java/org/apache/hadoop/hdfs/server/blockmanagement/TestUnderReplicatedBlocks.java
	modified:   src/test/java/org/apache/hadoop/hdfs/server/datanode/DataNodeTestUtils.java
	modified:   src/test/java/org/apache/hadoop/hdfs/server/datanode/FsDatasetImplTestUtilsFactory.java
	modified:   src/test/java/org/apache/hadoop/hdfs/server/datanode/InternalDataNodeTestUtils.java
	modified:   src/test/java/org/apache/hadoop/hdfs/server/datanode/SimulatedFSDataset.java
	modified:   src/test/java/org/apache/hadoop/hdfs/server/datanode/TestBPOfferService.java
	deleted:    src/test/java/org/apache/hadoop/hdfs/server/datanode/TestBlockCountersInPendingIBR.java
	deleted:    src/test/java/org/apache/hadoop/hdfs/server/datanode/TestBlockRecovery2.java
	deleted:    src/test/java/org/apache/hadoop/hdfs/server/datanode/TestBlockReplacement.java
	modified:   src/test/java/org/apache/hadoop/hdfs/server/datanode/TestBlockScanner.java
	modified:   src/test/java/org/apache/hadoop/hdfs/server/datanode/TestDataNodeExit.java
	modified:   src/test/java/org/apache/hadoop/hdfs/server/datanode/TestDataNodeHotSwapVolumes.java
	modified:   src/test/java/org/apache/hadoop/hdfs/server/datanode/TestDataNodeLifeline.java
	modified:   src/test/java/org/apache/hadoop/hdfs/server/datanode/TestDataNodeMultipleRegistrations.java
	modified:   src/test/java/org/apache/hadoop/hdfs/server/datanode/TestDataNodeReconfiguration.java
	modified:   src/test/java/org/apache/hadoop/hdfs/server/datanode/TestDataNodeVolumeFailure.java
	modified:   src/test/java/org/apache/hadoop/hdfs/server/datanode/TestDataNodeVolumeFailureReporting.java
	modified:   src/test/java/org/apache/hadoop/hdfs/server/datanode/TestDiskError.java
	modified:   src/test/java/org/apache/hadoop/hdfs/server/datanode/TestIncrementalBlockReports.java
	modified:   src/test/java/org/apache/hadoop/hdfs/server/datanode/TestIncrementalBrVariations.java
	modified:   src/test/java/org/apache/hadoop/hdfs/server/datanode/TestLargeBlockReport.java
	deleted:    src/test/java/org/apache/hadoop/hdfs/server/datanode/TestNNHandlesBlockReportPerStorage.java
	deleted:    src/test/java/org/apache/hadoop/hdfs/server/datanode/TestNNHandlesCombinedBlockReport.java
	modified:   src/test/java/org/apache/hadoop/hdfs/server/datanode/TestTransferRbw.java
	modified:   src/test/java/org/apache/hadoop/hdfs/server/datanode/TestTriggerBlockReport.java
	modified:   src/test/java/org/apache/hadoop/hdfs/server/datanode/fsdataset/impl/TestInterDatanodeProtocol.java
	deleted:    src/test/java/org/apache/hadoop/hdfs/server/datanode/fsdataset/impl/TestLazyPersistFiles.java
	deleted:    src/test/java/org/apache/hadoop/hdfs/server/datanode/fsdataset/impl/TestLazyPersistReplicaRecovery.java
	deleted:    src/test/java/org/apache/hadoop/hdfs/server/datanode/fsdataset/impl/TestLazyWriter.java
	deleted:    src/test/java/org/apache/hadoop/hdfs/server/datanode/fsdataset/impl/TestScrLazyPersistFiles.java
	deleted:    src/test/java/org/apache/hadoop/hdfs/server/mover/TestMover.java
	modified:   src/test/java/org/apache/hadoop/hdfs/server/namenode/OfflineEditsViewerHelper.java
	modified:   src/test/java/org/apache/hadoop/hdfs/server/namenode/TestAddBlockRetry.java
	deleted:    src/test/java/org/apache/hadoop/hdfs/server/namenode/TestAddStripedBlocks.java
	modified:   src/test/java/org/apache/hadoop/hdfs/server/namenode/TestBackupNode.java
	modified:   src/test/java/org/apache/hadoop/hdfs/server/namenode/TestBlockPlacementPolicyRackFaultTolerant.java
	modified:   src/test/java/org/apache/hadoop/hdfs/server/namenode/TestBlockUnderConstruction.java
	deleted:    src/test/java/org/apache/hadoop/hdfs/server/namenode/TestCacheDirectives.java
	deleted:    src/test/java/org/apache/hadoop/hdfs/server/namenode/TestCacheDirectivesWithViewDFS.java
	modified:   src/test/java/org/apache/hadoop/hdfs/server/namenode/TestCheckPointForSecurityTokens.java
	deleted:    src/test/java/org/apache/hadoop/hdfs/server/namenode/TestCheckpoint.java
	deleted:    src/test/java/org/apache/hadoop/hdfs/server/namenode/TestCommitBlockWithInvalidGenStamp.java
	deleted:    src/test/java/org/apache/hadoop/hdfs/server/namenode/TestDeadDatanode.java
	modified:   src/test/java/org/apache/hadoop/hdfs/server/namenode/TestDefaultBlockPlacementPolicy.java
	modified:   src/test/java/org/apache/hadoop/hdfs/server/namenode/TestDeleteRace.java
	modified:   src/test/java/org/apache/hadoop/hdfs/server/namenode/TestEditLog.java
	modified:   src/test/java/org/apache/hadoop/hdfs/server/namenode/TestEditLogRace.java
	modified:   src/test/java/org/apache/hadoop/hdfs/server/namenode/TestFSDirectory.java
	modified:   src/test/java/org/apache/hadoop/hdfs/server/namenode/TestFSEditLogLoader.java
	deleted:    src/test/java/org/apache/hadoop/hdfs/server/namenode/TestFSImage.java
	modified:   src/test/java/org/apache/hadoop/hdfs/server/namenode/TestFSImageWithSnapshot.java
	modified:   src/test/java/org/apache/hadoop/hdfs/server/namenode/TestFileTruncate.java
	deleted:    src/test/java/org/apache/hadoop/hdfs/server/namenode/TestFsck.java
	modified:   src/test/java/org/apache/hadoop/hdfs/server/namenode/TestFsckWithMultipleNameNodes.java
	modified:   src/test/java/org/apache/hadoop/hdfs/server/namenode/TestINodeFile.java
	modified:   src/test/java/org/apache/hadoop/hdfs/server/namenode/TestListCorruptFileBlocks.java
	modified:   src/test/java/org/apache/hadoop/hdfs/server/namenode/TestNameNodeResourceChecker.java
	modified:   src/test/java/org/apache/hadoop/hdfs/server/namenode/TestNamenodeStorageDirectives.java
	deleted:    src/test/java/org/apache/hadoop/hdfs/server/namenode/TestNestedEncryptionZones.java
	modified:   src/test/java/org/apache/hadoop/hdfs/server/namenode/TestParallelImageWrite.java
	deleted:    src/test/java/org/apache/hadoop/hdfs/server/namenode/TestPersistentStoragePolicySatisfier.java
	modified:   src/test/java/org/apache/hadoop/hdfs/server/namenode/TestQuotaWithStripedBlocks.java
	deleted:    src/test/java/org/apache/hadoop/hdfs/server/namenode/TestReconstructStripedBlocks.java
	deleted:    src/test/java/org/apache/hadoop/hdfs/server/namenode/TestRedudantBlocks.java
	modified:   src/test/java/org/apache/hadoop/hdfs/server/namenode/TestReencryption.java
	modified:   src/test/java/org/apache/hadoop/hdfs/server/namenode/TestSecurityTokenEditLog.java
	modified:   src/test/java/org/apache/hadoop/hdfs/server/namenode/TestSnapshotPathINodes.java
	modified:   src/test/java/org/apache/hadoop/hdfs/server/namenode/TestStartup.java
	modified:   src/test/java/org/apache/hadoop/hdfs/server/namenode/ha/TestBootstrapAliasmap.java
	deleted:    src/test/java/org/apache/hadoop/hdfs/server/namenode/ha/TestBootstrapStandby.java
	modified:   src/test/java/org/apache/hadoop/hdfs/server/namenode/ha/TestBootstrapStandbyWithQJM.java
	deleted:    src/test/java/org/apache/hadoop/hdfs/server/namenode/ha/TestConsistentReadsObserver.java
	deleted:    src/test/java/org/apache/hadoop/hdfs/server/namenode/ha/TestDFSUpgradeWithHA.java
	deleted:    src/test/java/org/apache/hadoop/hdfs/server/namenode/ha/TestDelegationTokensWithHA.java
	modified:   src/test/java/org/apache/hadoop/hdfs/server/namenode/ha/TestEditLogTailer.java
	modified:   src/test/java/org/apache/hadoop/hdfs/server/namenode/ha/TestEditLogsDuringFailover.java
	deleted:    src/test/java/org/apache/hadoop/hdfs/server/namenode/ha/TestFailureToReadEdits.java
	deleted:    src/test/java/org/apache/hadoop/hdfs/server/namenode/ha/TestInitializeSharedEdits.java
	deleted:    src/test/java/org/apache/hadoop/hdfs/server/namenode/ha/TestMultiObserverNode.java
	modified:   src/test/java/org/apache/hadoop/hdfs/server/namenode/ha/TestNNHealthCheck.java
	deleted:    src/test/java/org/apache/hadoop/hdfs/server/namenode/ha/TestObserverNode.java
	modified:   src/test/java/org/apache/hadoop/hdfs/server/namenode/ha/TestRemoteNameNodeInfo.java
	deleted:    src/test/java/org/apache/hadoop/hdfs/server/namenode/ha/TestStandbyCheckpoints.java
	modified:   src/test/java/org/apache/hadoop/hdfs/server/namenode/ha/TestStandbyInProgressTail.java
	modified:   src/test/java/org/apache/hadoop/hdfs/server/namenode/ha/TestUpdateBlockTailing.java
	deleted:    src/test/java/org/apache/hadoop/hdfs/server/namenode/snapshot/TestAclWithSnapshot.java
	modified:   src/test/java/org/apache/hadoop/hdfs/server/namenode/snapshot/TestDiffListBySkipList.java
	modified:   src/test/java/org/apache/hadoop/hdfs/server/namenode/snapshot/TestRenameWithSnapshots.java
	modified:   src/test/java/org/apache/hadoop/hdfs/server/namenode/snapshot/TestSetQuotaWithSnapshot.java
	deleted:    src/test/java/org/apache/hadoop/hdfs/server/namenode/snapshot/TestSnapshot.java
	modified:   src/test/java/org/apache/hadoop/hdfs/server/namenode/snapshot/TestSnapshotBlocksMap.java
	deleted:    src/test/java/org/apache/hadoop/hdfs/server/namenode/snapshot/TestSnapshotDeletion.java
	modified:   src/test/java/org/apache/hadoop/hdfs/server/namenode/snapshot/TestSnapshotReplication.java
	modified:   src/test/java/org/apache/hadoop/hdfs/server/namenode/web/resources/TestWebHdfsDataLocality.java
	deleted:    src/test/java/org/apache/hadoop/hdfs/server/sps/TestExternalStoragePolicySatisfier.java
	modified:   src/test/java/org/apache/hadoop/hdfs/shortcircuit/TestShortCircuitCache.java
	deleted:    src/test/java/org/apache/hadoop/hdfs/tools/TestDFSAdmin.java
	modified:   src/test/java/org/apache/hadoop/hdfs/tools/TestDFSAdminWithHA.java
	deleted:    src/test/java/org/apache/hadoop/hdfs/tools/TestDFSZKFailoverController.java
	modified:   src/test/java/org/apache/hadoop/hdfs/tools/offlineImageViewer/TestOfflineImageViewerWithStripedBlocks.java
	deleted:    src/test/java/org/apache/hadoop/hdfs/web/TestWebHDFSForHA.java
	modified:   src/test/java/org/apache/hadoop/net/TestNetworkTopology.java
